# JRE version: Java(TM) SE Runtime Environment (8.0_101-b13) (build 1.8.0_101-b13)
# Java VM: Java HotSpot(TM) 64-Bit Server VM (25.101-b13 mixed mode linux-amd64 compressed oops)
Heap:
 PSYoungGen      total 116736K, used 20239K [0x00000000f5580000, 0x0000000100000000, 0x0000000100000000)
  eden space 58880K, 30% used [0x00000000f5580000,0x00000000f67292b0,0x00000000f8f00000)
  from space 57856K, 3% used [0x00000000fc780000,0x00000000fc99ac50,0x0000000100000000)
  to   space 57856K, 0% used [0x00000000f8f00000,0x00000000f8f00000,0x00000000fc780000)
 ParOldGen       total 349696K, used 319207K [0x00000000e0000000, 0x00000000f5580000, 0x00000000f5580000)
  object space 349696K, 91% used [0x00000000e0000000,0x00000000f37b9e58,0x00000000f5580000)
 Metaspace       used 53729K, capacity 54776K, committed 55168K, reserved 1097728K
  class space    used 6182K, capacity 6434K, committed 6528K, reserved 1048576K
GC Heap History (10 events):
Event: 81,465 GC heap before
{Heap before GC invocations=60 (full 4):
 PSYoungGen      total 116736K, used 73834K [0x00000000f5580000, 0x0000000100000000, 0x0000000100000000)
  eden space 58880K, 97% used [0x00000000f5580000,0x00000000f8dc8cb8,0x00000000f8f00000)
  from space 57856K, 27% used [0x00000000f8f00000,0x00000000f9ed1e98,0x00000000fc780000)
  to   space 57856K, 0% used [0x00000000fc780000,0x00000000fc780000,0x0000000100000000)
 ParOldGen       total 349696K, used 249421K [0x00000000e0000000, 0x00000000f5580000, 0x00000000f5580000)
  object space 349696K, 71% used [0x00000000e0000000,0x00000000ef393708,0x00000000f5580000)
 Metaspace       used 47048K, capacity 47952K, committed 48128K, reserved 1091584K
  class space    used 5306K, capacity 5532K, committed 5632K, reserved 1048576K
Event: 81,471 GC heap after
Heap after GC invocations=60 (full 4):
 PSYoungGen      total 116736K, used 1104K [0x00000000f5580000, 0x0000000100000000, 0x0000000100000000)
  eden space 58880K, 0% used [0x00000000f5580000,0x00000000f5580000,0x00000000f8f00000)
  from space 57856K, 1% used [0x00000000fc780000,0x00000000fc894218,0x0000000100000000)
  to   space 57856K, 0% used [0x00000000f8f00000,0x00000000f8f00000,0x00000000fc780000)
 ParOldGen       total 349696K, used 249549K [0x00000000e0000000, 0x00000000f5580000, 0x00000000f5580000)
  object space 349696K, 71% used [0x00000000e0000000,0x00000000ef3b3708,0x00000000f5580000)
 Metaspace       used 47048K, capacity 47952K, committed 48128K, reserved 1091584K
  class space    used 5306K, capacity 5532K, committed 5632K, reserved 1048576K
}
Event: 108,981 GC heap before
{Heap before GC invocations=61 (full 4):
 PSYoungGen      total 116736K, used 59984K [0x00000000f5580000, 0x0000000100000000, 0x0000000100000000)
  eden space 58880K, 100% used [0x00000000f5580000,0x00000000f8f00000,0x00000000f8f00000)
  from space 57856K, 1% used [0x00000000fc780000,0x00000000fc894218,0x0000000100000000)
  to   space 57856K, 0% used [0x00000000f8f00000,0x00000000f8f00000,0x00000000fc780000)
 ParOldGen       total 349696K, used 249549K [0x00000000e0000000, 0x00000000f5580000, 0x00000000f5580000)
  object space 349696K, 71% used [0x00000000e0000000,0x00000000ef3b3708,0x00000000f5580000)
 Metaspace       used 48547K, capacity 49440K, committed 49792K, reserved 1093632K
  class space    used 5509K, capacity 5732K, committed 5760K, reserved 1048576K
Event: 109,024 GC heap after
Heap after GC invocations=61 (full 4):
 PSYoungGen      total 116736K, used 2419K [0x00000000f5580000, 0x0000000100000000, 0x0000000100000000)
  eden space 58880K, 0% used [0x00000000f5580000,0x00000000f5580000,0x00000000f8f00000)
  from space 57856K, 4% used [0x00000000f8f00000,0x00000000f915cfd0,0x00000000fc780000)
  to   space 57856K, 0% used [0x00000000fc780000,0x00000000fc780000,0x0000000100000000)
 ParOldGen       total 349696K, used 249741K [0x00000000e0000000, 0x00000000f5580000, 0x00000000f5580000)
  object space 349696K, 71% used [0x00000000e0000000,0x00000000ef3e3708,0x00000000f5580000)
 Metaspace       used 48547K, capacity 49440K, committed 49792K, reserved 1093632K
  class space    used 5509K, capacity 5732K, committed 5760K, reserved 1048576K
}
Event: 111,080 GC heap before
{Heap before GC invocations=62 (full 4):
 PSYoungGen      total 116736K, used 61299K [0x00000000f5580000, 0x0000000100000000, 0x0000000100000000)
  eden space 58880K, 100% used [0x00000000f5580000,0x00000000f8f00000,0x00000000f8f00000)
  from space 57856K, 4% used [0x00000000f8f00000,0x00000000f915cfd0,0x00000000fc780000)
  to   space 57856K, 0% used [0x00000000fc780000,0x00000000fc780000,0x0000000100000000)
 ParOldGen       total 349696K, used 249741K [0x00000000e0000000, 0x00000000f5580000, 0x00000000f5580000)
  object space 349696K, 71% used [0x00000000e0000000,0x00000000ef3e3708,0x00000000f5580000)
 Metaspace       used 51363K, capacity 52306K, committed 52608K, reserved 1095680K
  class space    used 5890K, capacity 6151K, committed 6272K, reserved 1048576K
Event: 111,100 GC heap after
Heap after GC invocations=62 (full 4):
 PSYoungGen      total 116736K, used 9505K [0x00000000f5580000, 0x0000000100000000, 0x0000000100000000)
  eden space 58880K, 0% used [0x00000000f5580000,0x00000000f5580000,0x00000000f8f00000)
  from space 57856K, 16% used [0x00000000fc780000,0x00000000fd0c8628,0x0000000100000000)
  to   space 57856K, 0% used [0x00000000f8f00000,0x00000000f8f00000,0x00000000fc780000)
 ParOldGen       total 349696K, used 250604K [0x00000000e0000000, 0x00000000f5580000, 0x00000000f5580000)
  object space 349696K, 71% used [0x00000000e0000000,0x00000000ef4bb1f8,0x00000000f5580000)
 Metaspace       used 51363K, capacity 52306K, committed 52608K, reserved 1095680K
  class space    used 5890K, capacity 6151K, committed 6272K, reserved 1048576K
}
Event: 113,295 GC heap before
{Heap before GC invocations=63 (full 4):
 PSYoungGen      total 116736K, used 68385K [0x00000000f5580000, 0x0000000100000000, 0x0000000100000000)
  eden space 58880K, 100% used [0x00000000f5580000,0x00000000f8f00000,0x00000000f8f00000)
  from space 57856K, 16% used [0x00000000fc780000,0x00000000fd0c8628,0x0000000100000000)
  to   space 57856K, 0% used [0x00000000f8f00000,0x00000000f8f00000,0x00000000fc780000)
 ParOldGen       total 349696K, used 250604K [0x00000000e0000000, 0x00000000f5580000, 0x00000000f5580000)
  object space 349696K, 71% used [0x00000000e0000000,0x00000000ef4bb1f8,0x00000000f5580000)
 Metaspace       used 53052K, capacity 54012K, committed 54272K, reserved 1097728K
  class space    used 6125K, capacity 6380K, committed 6400K, reserved 1048576K
Event: 113,394 GC heap after
Heap after GC invocations=63 (full 4):
 PSYoungGen      total 116736K, used 13779K [0x00000000f5580000, 0x0000000100000000, 0x0000000100000000)
  eden space 58880K, 0% used [0x00000000f5580000,0x00000000f5580000,0x00000000f8f00000)
  from space 57856K, 23% used [0x00000000f8f00000,0x00000000f9c74d20,0x00000000fc780000)
  to   space 57856K, 0% used [0x00000000fc780000,0x00000000fc780000,0x0000000100000000)
 ParOldGen       total 349696K, used 256007K [0x00000000e0000000, 0x00000000f5580000, 0x00000000f5580000)
  object space 349696K, 73% used [0x00000000e0000000,0x00000000efa01e28,0x00000000f5580000)
 Metaspace       used 53052K, capacity 54012K, committed 54272K, reserved 1097728K
  class space    used 6125K, capacity 6380K, committed 6400K, reserved 1048576K
}
Event: 116,278 GC heap before
{Heap before GC invocations=64 (full 4):
 PSYoungGen      total 116736K, used 72659K [0x00000000f5580000, 0x0000000100000000, 0x0000000100000000)
  eden space 58880K, 100% used [0x00000000f5580000,0x00000000f8f00000,0x00000000f8f00000)
  from space 57856K, 23% used [0x00000000f8f00000,0x00000000f9c74d20,0x00000000fc780000)
  to   space 57856K, 0% used [0x00000000fc780000,0x00000000fc780000,0x0000000100000000)
 ParOldGen       total 349696K, used 256007K [0x00000000e0000000, 0x00000000f5580000, 0x00000000f5580000)
  object space 349696K, 73% used [0x00000000e0000000,0x00000000efa01e28,0x00000000f5580000)
 Metaspace       used 53475K, capacity 54488K, committed 54912K, reserved 1097728K
  class space    used 6152K, capacity 6402K, committed 6528K, reserved 1048576K
Event: 116,360 GC heap after
Heap after GC invocations=64 (full 4):
 PSYoungGen      total 116736K, used 2155K [0x00000000f5580000, 0x0000000100000000, 0x0000000100000000)
  eden space 58880K, 0% used [0x00000000f5580000,0x00000000f5580000,0x00000000f8f00000)
  from space 57856K, 3% used [0x00000000fc780000,0x00000000fc99ac50,0x0000000100000000)
  to   space 57856K, 0% used [0x00000000f8f00000,0x00000000f8f00000,0x00000000fc780000)
 ParOldGen       total 349696K, used 268007K [0x00000000e0000000, 0x00000000f5580000, 0x00000000f5580000)
  object space 349696K, 76% used [0x00000000e0000000,0x00000000f05b9e48,0x00000000f5580000)
 Metaspace       used 53475K, capacity 54488K, committed 54912K, reserved 1097728K
  class space    used 6152K, capacity 6402K, committed 6528K, reserved 1048576K
}

